[2025-12-10 13:02:38,807] INFO - HTTP Request: GET https://dagshub.com/api/v1/user "HTTP/1.1 200 OK"
[2025-12-10 13:02:38,862] INFO - Accessing as devesh.dhyani0101
[2025-12-10 13:02:39,824] INFO - HTTP Request: GET https://dagshub.com/api/v1/repos/devesh.dhyani0101/Network-Security "HTTP/1.1 200 OK"
[2025-12-10 13:02:40,744] INFO - HTTP Request: GET https://dagshub.com/api/v1/user "HTTP/1.1 200 OK"
[2025-12-10 13:02:40,748] INFO - Initialized MLflow to track repo "devesh.dhyani0101/Network-Security"
[2025-12-10 13:02:40,748] INFO - Repository devesh.dhyani0101/Network-Security initialized!
[2025-12-10 13:02:40,748] INFO - Initiate the data Ingestion
[2025-12-10 13:02:42,383] INFO - Performed train test split on the dataframe
[2025-12-10 13:02:42,383] INFO - Exited split_data_as_train_test method of Data_Ingestion class
[2025-12-10 13:02:42,383] INFO - Exporting train and test file path.
[2025-12-10 13:02:42,415] INFO - Exported train and test file path.
[2025-12-10 13:02:42,415] INFO - Data Ingestion completed
[2025-12-10 13:02:42,418] INFO - Initiate the data Validation
[2025-12-10 13:02:42,432] INFO - Required number of columns:2
[2025-12-10 13:02:42,432] INFO - Data frame has columns:31
[2025-12-10 13:02:42,432] INFO - Required number of columns:2
[2025-12-10 13:02:42,432] INFO - Data frame has columns:31
[2025-12-10 13:02:42,506] INFO - Data Validation completed
[2025-12-10 13:02:42,506] INFO - Initiate the data Transformation
[2025-12-10 13:02:42,506] INFO - Entered initiate_data_transformation method of DataTransformation class
[2025-12-10 13:02:42,506] INFO - Starting data transformation
[2025-12-10 13:02:42,515] INFO - Entered get_data_trnasformer_object method of Trnasformation class
[2025-12-10 13:02:42,515] INFO - Initialise KNNImputer with {'missing_values': nan, 'n_neighbors': 3, 'weights': 'uniform'}
[2025-12-10 13:02:42,521] INFO - Entered the save_object method of MainUtils class
[2025-12-10 13:02:42,523] INFO - Exited the save_object method of MainUtils class
[2025-12-10 13:02:42,523] INFO - Entered the save_object method of MainUtils class
[2025-12-10 13:02:42,526] INFO - Exited the save_object method of MainUtils class
[2025-12-10 13:02:42,527] INFO - Data Transformation completed
[2025-12-10 13:02:42,527] INFO - Model Training sstared
