[2025-12-10 13:09:38,796] INFO - HTTP Request: GET https://dagshub.com/api/v1/user "HTTP/1.1 200 OK"
[2025-12-10 13:09:38,890] INFO - Accessing as devesh.dhyani0101
[2025-12-10 13:09:39,887] INFO - HTTP Request: GET https://dagshub.com/api/v1/repos/devesh.dhyani0101/Network-Security "HTTP/1.1 200 OK"
[2025-12-10 13:09:40,836] INFO - HTTP Request: GET https://dagshub.com/api/v1/user "HTTP/1.1 200 OK"
[2025-12-10 13:09:40,839] INFO - Initialized MLflow to track repo "devesh.dhyani0101/Network-Security"
[2025-12-10 13:09:40,840] INFO - Repository devesh.dhyani0101/Network-Security initialized!
[2025-12-10 13:09:40,841] INFO - Initiate the data Ingestion
[2025-12-10 13:09:42,873] INFO - Performed train test split on the dataframe
[2025-12-10 13:09:42,877] INFO - Exited split_data_as_train_test method of Data_Ingestion class
[2025-12-10 13:09:42,878] INFO - Exporting train and test file path.
[2025-12-10 13:09:42,933] INFO - Exported train and test file path.
[2025-12-10 13:09:42,933] INFO - Data Ingestion completed
[2025-12-10 13:09:42,946] INFO - Initiate the data Validation
[2025-12-10 13:09:42,965] INFO - Required number of columns:2
[2025-12-10 13:09:42,965] INFO - Data frame has columns:31
[2025-12-10 13:09:42,965] INFO - Required number of columns:2
[2025-12-10 13:09:42,965] INFO - Data frame has columns:31
[2025-12-10 13:09:43,081] INFO - Data Validation completed
[2025-12-10 13:09:43,081] INFO - Initiate the data Transformation
[2025-12-10 13:09:43,081] INFO - Entered initiate_data_transformation method of DataTransformation class
[2025-12-10 13:09:43,081] INFO - Starting data transformation
[2025-12-10 13:09:43,101] INFO - Entered get_data_trnasformer_object method of Trnasformation class
[2025-12-10 13:09:43,101] INFO - Initialise KNNImputer with {'missing_values': nan, 'n_neighbors': 3, 'weights': 'uniform'}
[2025-12-10 13:09:43,115] INFO - Entered the save_object method of MainUtils class
[2025-12-10 13:09:43,119] INFO - Exited the save_object method of MainUtils class
[2025-12-10 13:09:43,120] INFO - Entered the save_object method of MainUtils class
[2025-12-10 13:09:43,124] INFO - Exited the save_object method of MainUtils class
[2025-12-10 13:09:43,124] INFO - Data Transformation completed
[2025-12-10 13:09:43,125] INFO - Model Training sstared
[2025-12-10 13:11:40,340] INFO - Entered the save_object method of MainUtils class
[2025-12-10 13:11:40,342] INFO - Exited the save_object method of MainUtils class
[2025-12-10 13:11:40,343] INFO - Model trainer artifact: ModelTrainerArtifact(trained_model_file_path='Artifacts/12_10_2025_13_09_36/model_trainer/trained_model/model.pkl', train_metric_artifact=ClassificationMetricArtifact(f1_score=0.9909620405703956, precision_score=0.9881834568395754, recall_score=0.9937562940584088), test_metric_artifact=ClassificationMetricArtifact(f1_score=0.9767441860465116, precision_score=0.9671052631578947, recall_score=0.9865771812080537))
[2025-12-10 13:11:40,352] INFO - Model Training artifact created
