[2025-12-10 13:07:21,444] INFO - HTTP Request: GET https://dagshub.com/api/v1/user "HTTP/1.1 200 OK"
[2025-12-10 13:07:21,500] INFO - Accessing as devesh.dhyani0101
[2025-12-10 13:07:22,453] INFO - HTTP Request: GET https://dagshub.com/api/v1/repos/devesh.dhyani0101/Network-Security "HTTP/1.1 200 OK"
[2025-12-10 13:07:23,411] INFO - HTTP Request: GET https://dagshub.com/api/v1/user "HTTP/1.1 200 OK"
[2025-12-10 13:07:23,414] INFO - Initialized MLflow to track repo "devesh.dhyani0101/Network-Security"
[2025-12-10 13:07:23,414] INFO - Repository devesh.dhyani0101/Network-Security initialized!
[2025-12-10 13:07:23,415] INFO - Initiate the data Ingestion
[2025-12-10 13:07:25,547] INFO - Performed train test split on the dataframe
[2025-12-10 13:07:25,547] INFO - Exited split_data_as_train_test method of Data_Ingestion class
[2025-12-10 13:07:25,547] INFO - Exporting train and test file path.
[2025-12-10 13:07:25,576] INFO - Exported train and test file path.
[2025-12-10 13:07:25,576] INFO - Data Ingestion completed
[2025-12-10 13:07:25,578] INFO - Initiate the data Validation
[2025-12-10 13:07:25,588] INFO - Required number of columns:2
[2025-12-10 13:07:25,588] INFO - Data frame has columns:31
[2025-12-10 13:07:25,588] INFO - Required number of columns:2
[2025-12-10 13:07:25,588] INFO - Data frame has columns:31
[2025-12-10 13:07:25,660] INFO - Data Validation completed
[2025-12-10 13:07:25,660] INFO - Initiate the data Transformation
[2025-12-10 13:07:25,660] INFO - Entered initiate_data_transformation method of DataTransformation class
[2025-12-10 13:07:25,660] INFO - Starting data transformation
[2025-12-10 13:07:25,669] INFO - Entered get_data_trnasformer_object method of Trnasformation class
[2025-12-10 13:07:25,669] INFO - Initialise KNNImputer with {'missing_values': nan, 'n_neighbors': 3, 'weights': 'uniform'}
[2025-12-10 13:07:25,674] INFO - Entered the save_object method of MainUtils class
[2025-12-10 13:07:25,677] INFO - Exited the save_object method of MainUtils class
[2025-12-10 13:07:25,677] INFO - Entered the save_object method of MainUtils class
[2025-12-10 13:07:25,678] INFO - Exited the save_object method of MainUtils class
[2025-12-10 13:07:25,678] INFO - Data Transformation completed
[2025-12-10 13:07:25,678] INFO - Model Training sstared
[2025-12-10 13:09:12,479] INFO - Entered the save_object method of MainUtils class
[2025-12-10 13:09:12,480] INFO - Exited the save_object method of MainUtils class
[2025-12-10 13:09:12,481] INFO - Model trainer artifact: ModelTrainerArtifact(trained_model_file_path='Artifacts/12_10_2025_13_07_18/model_trainer/trained_model/model.pkl', train_metric_artifact=ClassificationMetricArtifact(f1_score=0.9907922695537792, precision_score=0.9872958257713249, recall_score=0.9943135662063363), test_metric_artifact=ClassificationMetricArtifact(f1_score=0.9762192664248287, precision_score=0.9703525641025641, recall_score=0.9821573398215734))
[2025-12-10 13:09:12,485] INFO - Model Training artifact created
